<?xml version="1.0" encoding="UTF-8"?>
<!-- Generated by org.testng.reporters.JUnitReportReporter -->
<testsuite hostname="TYSS-Mohammed-Riza-Washiq" failures="0" tests="1" name="basic.PreKnowledge" time="3.023" errors="0" timestamp="2024-11-11T17:44:45 IST" skipped="0">
  <testcase classname="basic.PreKnowledge" name="sampleGetReq" time="3.023"/>
</testsuite> <!-- basic.PreKnowledge -->
