<?xml version="1.0" encoding="UTF-8"?>
<!-- Generated by org.testng.reporters.JUnitReportReporter -->
<testsuite hostname="TYSS-Mohammed-Riza-Washiq" failures="0" tests="1" name="requestChaining.AddEmployeeToProject" time="3.818" errors="0" timestamp="2024-11-13T10:28:52 IST" skipped="0">
  <testcase classname="requestChaining.AddEmployeeToProject" name="addEmpployee" time="3.818"/>
</testsuite> <!-- requestChaining.AddEmployeeToProject -->
