<?xml version="1.0" encoding="UTF-8"?>
<!-- Generated by org.testng.reporters.JUnitReportReporter -->
<testsuite hostname="TYSS-Mohammed-Riza-Washiq" failures="0" tests="1" name="com.sampleCrudWithBDD.SampleTestForPut" time="2.306" errors="0" timestamp="2024-11-12T10:11:49 IST" skipped="0">
  <testcase classname="com.sampleCrudWithBDD.SampleTestForPut" name="putDataToServer" time="2.306"/>
</testsuite> <!-- com.sampleCrudWithBDD.SampleTestForPut -->
