<?xml version="1.0" encoding="UTF-8"?>
<!-- Generated by org.testng.reporters.JUnitReportReporter -->
<testsuite hostname="TYSS-Mohammed-Riza-Washiq" failures="0" tests="1" name="com.sampleCrudWithoutBDD.SampleTestForPatch" time="2.350" errors="0" timestamp="2024-11-11T18:10:34 IST" skipped="0">
  <testcase classname="com.sampleCrudWithoutBDD.SampleTestForPatch" name="getDataToServer" time="2.350"/>
</testsuite> <!-- com.sampleCrudWithoutBDD.SampleTestForPatch -->
