<?xml version="1.0" encoding="UTF-8"?>
<!-- Generated by org.testng.reporters.JUnitReportReporter -->
<testsuite hostname="TYSS-Mohammed-Riza-Washiq" failures="0" tests="1" name="complexPostRequest.RequestViaJSonFile" time="2.430" errors="0" timestamp="2024-11-12T17:32:16 IST" skipped="0">
  <testcase classname="complexPostRequest.RequestViaJSonFile" name="postRequest" time="2.430"/>
</testsuite> <!-- complexPostRequest.RequestViaJSonFile -->
