<?xml version="1.0" encoding="UTF-8"?>
<!-- Generated by org.testng.reporters.JUnitReportReporter -->
<testsuite hostname="TYSS-Mohammed-Riza-Washiq" failures="0" tests="1" name="complexPostRequest.RequestViaPOJOclass" time="2.808" errors="0" timestamp="2024-11-12T17:35:35 IST" skipped="0">
  <testcase classname="complexPostRequest.RequestViaPOJOclass" name="postRequest" time="2.808"/>
</testsuite> <!-- complexPostRequest.RequestViaPOJOclass -->
