<?xml version="1.0" encoding="UTF-8"?>
<!-- Generated by org.testng.reporters.JUnitReportReporter -->
<testsuite hostname="TYSS-Mohammed-Riza-Washiq" failures="0" tests="1" name="practiceResponseValidation.VerifyDataFromComplexXpath" time="2.251" errors="0" timestamp="2024-11-12T17:11:00 IST" skipped="0">
  <testcase classname="practiceResponseValidation.VerifyDataFromComplexXpath" name="sampleTest" time="2.251"/>
</testsuite> <!-- practiceResponseValidation.VerifyDataFromComplexXpath -->
