<?xml version="1.0" encoding="UTF-8"?>
<!-- Generated by org.testng.reporters.JUnitReportReporter -->
<testsuite hostname="TYSS-Mohammed-Riza-Washiq" failures="0" tests="1" name="com.sampleCrudWithBDD.SampleTestForDelete" time="2.226" errors="0" timestamp="2024-11-12T10:19:07 IST" skipped="0">
  <testcase classname="com.sampleCrudWithBDD.SampleTestForDelete" name="getDataToServer" time="2.226"/>
</testsuite> <!-- com.sampleCrudWithBDD.SampleTestForDelete -->
