<?xml version="1.0" encoding="UTF-8"?>
<!-- Generated by org.testng.reporters.JUnitReportReporter -->
<testsuite hostname="TYSS-Mohammed-Riza-Washiq" failures="0" tests="1" name="test.Test" time="2.911" errors="0" timestamp="2024-11-11T15:51:54 IST" skipped="0">
  <testcase classname="test.Test" name="sampleGetReq" time="2.911"/>
</testsuite> <!-- test.Test -->
