<?xml version="1.0" encoding="UTF-8"?>
<!-- Generated by org.testng.reporters.JUnitReportReporter -->
<testsuite hostname="TYSS-Mohammed-Riza-Washiq" failures="0" tests="1" name="encryptionDecryption.EncodeAndDecodeTest" time="0.021" errors="0" timestamp="2024-11-13T12:34:44 IST" skipped="0">
  <testcase classname="encryptionDecryption.EncodeAndDecodeTest" name="demo" time="0.021"/>
</testsuite> <!-- encryptionDecryption.EncodeAndDecodeTest -->
