<?xml version="1.0" encoding="UTF-8"?>
<!-- Generated by org.testng.reporters.JUnitReportReporter -->
<testsuite hostname="TYSS-Mohammed-Riza-Washiq" failures="0" tests="1" name="practiceResponseValidation.VerifyResponseHeaderTest" time="1.078" errors="0" timestamp="2024-11-12T14:46:27 IST" skipped="0">
  <testcase classname="practiceResponseValidation.VerifyResponseHeaderTest" name="verifyHeader" time="1.078"/>
</testsuite> <!-- practiceResponseValidation.VerifyResponseHeaderTest -->
