<?xml version="1.0" encoding="UTF-8"?>
<!-- Generated by org.testng.reporters.JUnitReportReporter -->
<testsuite hostname="TYSS-Mohammed-Riza-Washiq" failures="0" tests="1" name="encryptionDecryption.APIEncodeTest" time="2.720" errors="0" timestamp="2024-11-13T12:47:52 IST" skipped="0">
  <testcase classname="encryptionDecryption.APIEncodeTest" name="test" time="2.720"/>
</testsuite> <!-- encryptionDecryption.APIEncodeTest -->
