<?xml version="1.0" encoding="UTF-8"?>
<!-- Generated by org.testng.reporters.JUnitReportReporter -->
<testsuite hostname="TYSS-Mohammed-Riza-Washiq" failures="0" tests="1" name="com.sampleCrudWithBDD.SampleTestForPost" time="2.286" errors="0" timestamp="2024-11-12T10:03:54 IST" skipped="0">
  <testcase classname="com.sampleCrudWithBDD.SampleTestForPost" name="getDataToServer" time="2.286"/>
</testsuite> <!-- com.sampleCrudWithBDD.SampleTestForPost -->
