<?xml version="1.0" encoding="UTF-8"?>
<!-- Generated by org.testng.reporters.JUnitReportReporter -->
<testsuite hostname="TYSS-Mohammed-Riza-Washiq" failures="0" tests="1" name="authorisation.BasicAuthTest" time="2.897" errors="0" timestamp="2024-11-13T12:11:21 IST" skipped="0">
  <testcase classname="authorisation.BasicAuthTest" name="demo" time="2.897"/>
</testsuite> <!-- authorisation.BasicAuthTest -->
