<?xml version="1.0" encoding="UTF-8"?>
<!-- Generated by org.testng.reporters.JUnitReportReporter -->
<testsuite hostname="TYSS-Mohammed-Riza-Washiq" failures="0" tests="1" name="practiceResponseValidation.VerifyResponseBody" time="1.664" errors="0" timestamp="2024-11-12T15:15:20 IST" skipped="0">
  <testcase classname="practiceResponseValidation.VerifyResponseBody" name="verifyBody" time="1.664"/>
</testsuite> <!-- practiceResponseValidation.VerifyResponseBody -->
