<?xml version="1.0" encoding="UTF-8"?>
<!-- Generated by org.testng.reporters.JUnitReportReporter -->
<testsuite hostname="TYSS-Mohammed-Riza-Washiq" failures="0" tests="1" name="parameters.FormParam" time="2.352" errors="0" timestamp="2024-11-13T11:10:04 IST" skipped="0">
  <testcase classname="parameters.FormParam" name="demo" time="2.352"/>
</testsuite> <!-- parameters.FormParam -->
