<?xml version="1.0" encoding="UTF-8"?>
<!-- Generated by org.testng.reporters.JUnitReportReporter -->
<testsuite hostname="TYSS-Mohammed-Riza-Washiq" failures="0" tests="1" name="com.sampleCrudWithoutBDD.SampleTestForPost" time="2.453" errors="0" timestamp="2024-11-12T17:18:16 IST" skipped="0">
  <testcase classname="com.sampleCrudWithoutBDD.SampleTestForPost" name="postDataToServer" time="2.453"/>
</testsuite> <!-- com.sampleCrudWithoutBDD.SampleTestForPost -->
