<?xml version="1.0" encoding="UTF-8"?>
<!-- Generated by org.testng.reporters.JUnitReportReporter -->
<testsuite hostname="TYSS-Mohammed-Riza-Washiq" failures="0" tests="1" name="com.sampleCrudWithBDD.SampleTestForReas" time="3.063" errors="0" timestamp="2024-11-12T09:58:15 IST" skipped="0">
  <testcase classname="com.sampleCrudWithBDD.SampleTestForReas" name="getDataFromServer" time="3.063"/>
</testsuite> <!-- com.sampleCrudWithBDD.SampleTestForReas -->
