<?xml version="1.0" encoding="UTF-8"?>
<!-- Generated by org.testng.reporters.JUnitReportReporter -->
<testsuite hostname="TYSS-Mohammed-Riza-Washiq" failures="0" tests="1" name="practiceResponseValidation.VerifyResponseTime" time="1.371" errors="0" timestamp="2024-11-12T14:54:38 IST" skipped="0">
  <testcase classname="practiceResponseValidation.VerifyResponseTime" name="verifyHeader" time="1.371"/>
</testsuite> <!-- practiceResponseValidation.VerifyResponseTime -->
