<?xml version="1.0" encoding="UTF-8"?>
<!-- Generated by org.testng.reporters.JUnitReportReporter -->
<testsuite hostname="TYSS-Mohammed-Riza-Washiq" failures="0" tests="1" name="parameters.PathParametr" time="2.409" errors="0" timestamp="2024-11-13T11:04:14 IST" skipped="0">
  <testcase classname="parameters.PathParametr" name="demo" time="2.409"/>
</testsuite> <!-- parameters.PathParametr -->
