<?xml version="1.0" encoding="UTF-8"?>
<!-- Generated by org.testng.reporters.JUnitReportReporter -->
<testsuite hostname="TYSS-Mohammed-Riza-Washiq" failures="0" tests="1" name="parameters.QueryParam" time="2.961" errors="0" timestamp="2024-11-13T11:06:39 IST" skipped="0">
  <testcase classname="parameters.QueryParam" name="demo" time="2.961"/>
</testsuite> <!-- parameters.QueryParam -->
