<?xml version="1.0" encoding="UTF-8"?>
<!-- Generated by org.testng.reporters.JUnitReportReporter -->
<testsuite hostname="TYSS-Mohammed-Riza-Washiq" failures="0" tests="1" name="com.sampleCrudWithBDD.SampleTestForPatch" time="2.245" errors="0" timestamp="2024-11-12T10:15:18 IST" skipped="0">
  <testcase classname="com.sampleCrudWithBDD.SampleTestForPatch" name="getDataToServer" time="2.245"/>
</testsuite> <!-- com.sampleCrudWithBDD.SampleTestForPatch -->
