<?xml version="1.0" encoding="UTF-8"?>
<!-- Generated by org.testng.reporters.JUnitReportReporter -->
<testsuite hostname="TYSS-Mohammed-Riza-Washiq" failures="0" tests="1" name="requestChaining.Scen3_PayrollInfo" time="2.197" errors="0" timestamp="2024-11-13T10:33:45 IST" skipped="0">
  <testcase classname="requestChaining.Scen3_PayrollInfo" name="demo" time="2.197"/>
</testsuite> <!-- requestChaining.Scen3_PayrollInfo -->
