<?xml version="1.0" encoding="UTF-8"?>
<!-- Generated by org.testng.reporters.JUnitReportReporter -->
<testsuite hostname="TYSS-Mohammed-Riza-Washiq" failures="0" tests="1" name="complexPostRequest.RequestViaHashMap" time="2.729" errors="0" timestamp="2024-11-12T17:26:29 IST" skipped="0">
  <testcase classname="complexPostRequest.RequestViaHashMap" name="postRequest" time="2.729"/>
</testsuite> <!-- complexPostRequest.RequestViaHashMap -->
