<?xml version="1.0" encoding="UTF-8"?>
<!-- Generated by org.testng.reporters.JUnitReportReporter -->
<testsuite hostname="TYSS-Mohammed-Riza-Washiq" failures="0" tests="1" name="com.sampleCrudWithoutBDD.SampleTestForPost" time="2.304" errors="0" timestamp="2024-11-11T18:01:00 IST" skipped="0">
  <testcase classname="com.sampleCrudWithoutBDD.SampleTestForPost" name="getDataToServer" time="2.304"/>
</testsuite> <!-- com.sampleCrudWithoutBDD.SampleTestForPost -->
