<?xml version="1.0" encoding="UTF-8"?>
<!-- Generated by org.testng.reporters.JUnitReportReporter -->
<testsuite hostname="TYSS-Mohammed-Riza-Washiq" failures="0" tests="1" name="com.sampleCrudWithoutBDD.SampleTestForReas" time="3.146" errors="0" timestamp="2024-11-11T17:48:11 IST" skipped="0">
  <testcase classname="com.sampleCrudWithoutBDD.SampleTestForReas" name="getDataFromServer" time="3.146"/>
</testsuite> <!-- com.sampleCrudWithoutBDD.SampleTestForReas -->
