<?xml version="1.0" encoding="UTF-8"?>
<!-- Generated by org.testng.reporters.JUnitReportReporter -->
<testsuite hostname="TYSS-Mohammed-Riza-Washiq" failures="0" tests="1" name="authorisation.PreEmtiveAuth" time="2.805" errors="0" timestamp="2024-11-13T12:13:15 IST" skipped="0">
  <testcase classname="authorisation.PreEmtiveAuth" name="demo" time="2.805"/>
</testsuite> <!-- authorisation.PreEmtiveAuth -->
