<?xml version="1.0" encoding="UTF-8"?>
<!-- Generated by org.testng.reporters.JUnitReportReporter -->
<testsuite hostname="TYSS-Mohammed-Riza-Washiq" failures="0" tests="1" name="requestChaining.Scen_1_delete_Project" time="3.971" errors="0" timestamp="2024-11-13T10:07:47 IST" skipped="0">
  <testcase classname="requestChaining.Scen_1_delete_Project" name="postRequest" time="3.971"/>
</testsuite> <!-- requestChaining.Scen_1_delete_Project -->
