<?xml version="1.0" encoding="UTF-8"?>
<!-- Generated by org.testng.reporters.JUnitReportReporter -->
<testsuite hostname="TYSS-Mohammed-Riza-Washiq" failures="0" tests="1" name="com.sampleCrudWithoutBDD.SampleTestForPut" time="2.233" errors="0" timestamp="2024-11-11T18:09:23 IST" skipped="0">
  <testcase classname="com.sampleCrudWithoutBDD.SampleTestForPut" name="getDataToServer" time="2.233"/>
</testsuite> <!-- com.sampleCrudWithoutBDD.SampleTestForPut -->
