<?xml version="1.0" encoding="UTF-8"?>
<!-- Generated by org.testng.reporters.JUnitReportReporter -->
<testsuite hostname="TYSS-Mohammed-Riza-Washiq" failures="0" tests="1" name="complexPostRequest.RequestViaJsonRequest" time="2.826" errors="0" timestamp="2024-11-12T17:20:25 IST" skipped="0">
  <testcase classname="complexPostRequest.RequestViaJsonRequest" name="requestviaJson" time="2.826"/>
</testsuite> <!-- complexPostRequest.RequestViaJsonRequest -->
